<?xml version="1.0" encoding="UTF-8"?>
<!-- Generated by org.testng.reporters.JUnitXMLReporter -->
<testsuite ignored="0" hostname="DESKTOP-D9IBFV8" failures="1" tests="1" name="Test" time="0.073" errors="0" timestamp="2024-06-26T16:37:19 IST">
  <testcase classname="ytestingo.yyy" name="TableContent" time="0.0">
    <failure type="org.testng.TestNGException" message="
Cannot inject @Test annotated Method [TableContent] with [class java.lang.String].
For more information on native dependency injection please refer to https://testng.org/#_dependency_injection">
      <![CDATA[org.testng.TestNGException: 
Cannot inject @Test annotated Method [TableContent] with [class java.lang.String].
For more information on native dependency injection please refer to https://testng.org/#_dependency_injection
at java.base/java.util.ArrayList.forEach(ArrayList.java:1511)
... Removed 26 stack frames]]>
    </failure>
  </testcase> <!-- TableContent -->
</testsuite> <!-- Test -->
