<?xml version="1.0" encoding="UTF-8"?>
<testng-results ignored="0" total="1" passed="1" failed="0" skipped="0">
  <reporter-output>
  </reporter-output>
  <suite started-at="2024-06-27T08:59:47 IST" name="Default suite" finished-at="2024-06-27T08:59:47 IST" duration-ms="62">
    <groups>
    </groups>
    <test started-at="2024-06-27T08:59:47 IST" name="Default test" finished-at="2024-06-27T08:59:47 IST" duration-ms="62">
      <class name="ytestingo.aaaa">
        <test-method signature="show()[pri:0, instance:ytestingo.aaaa@1c7696c6]" started-at="2024-06-27T08:59:47 IST" name="show" finished-at="2024-06-27T08:59:47 IST" duration-ms="8" status="PASS">
          <reporter-output>
          </reporter-output>
        </test-method> <!-- show -->
      </class> <!-- ytestingo.aaaa -->
    </test> <!-- Default test -->
  </suite> <!-- Default suite -->
</testng-results>
